2020-03-10 01:32:22 INFO  SpringContextShutdownHook org.springframework.scheduling.concurrent.ThreadPoolTaskExecutor Shutting down ExecutorService 'applicationTaskExecutor'
2020-03-10 01:32:22 INFO  SpringContextShutdownHook org.springframework.orm.jpa.LocalContainerEntityManagerFactoryBean Closing JPA EntityManagerFactory for persistence unit 'default'
2020-03-10 01:32:22 INFO  SpringContextShutdownHook com.alibaba.druid.pool.DruidDataSource {dataSource-1} closed
2020-03-10 01:41:27 INFO  restartedMain cn.edu.ahtcm.codegenerator.CodeGeneratorApplication Starting CodeGeneratorApplication on PC-201912311223 with PID 11344 (H:\study\web-base\code-generator\target\classes started by Administrator in H:\study\web-base)
2020-03-10 01:41:27 INFO  restartedMain cn.edu.ahtcm.codegenerator.CodeGeneratorApplication No active profile set, falling back to default profiles: default
2020-03-10 01:41:27 INFO  restartedMain org.springframework.boot.devtools.restart.ChangeableUrls The Class-Path manifest attribute in E:\maven_repository\org\glassfish\jaxb\jaxb-runtime\2.3.2\jaxb-runtime-2.3.2.jar referenced one or more files that do not exist: file:/E:/maven_repository/org/glassfish/jaxb/jaxb-runtime/2.3.2/jakarta.xml.bind-api-2.3.2.jar,file:/E:/maven_repository/org/glassfish/jaxb/jaxb-runtime/2.3.2/txw2-2.3.2.jar,file:/E:/maven_repository/org/glassfish/jaxb/jaxb-runtime/2.3.2/istack-commons-runtime-3.0.8.jar,file:/E:/maven_repository/org/glassfish/jaxb/jaxb-runtime/2.3.2/stax-ex-1.8.1.jar,file:/E:/maven_repository/org/glassfish/jaxb/jaxb-runtime/2.3.2/FastInfoset-1.2.16.jar,file:/E:/maven_repository/org/glassfish/jaxb/jaxb-runtime/2.3.2/jakarta.activation-api-1.2.1.jar
2020-03-10 01:41:27 INFO  restartedMain org.springframework.boot.devtools.env.DevToolsPropertyDefaultsPostProcessor Devtools property defaults active! Set 'spring.devtools.add-properties' to 'false' to disable
2020-03-10 01:41:27 INFO  restartedMain org.springframework.boot.devtools.env.DevToolsPropertyDefaultsPostProcessor For additional web related logging consider setting the 'logging.level.web' property to 'DEBUG'
2020-03-10 01:41:28 INFO  restartedMain org.springframework.data.repository.config.RepositoryConfigurationDelegate Multiple Spring Data modules found, entering strict repository configuration mode!
2020-03-10 01:41:28 INFO  restartedMain org.springframework.data.repository.config.RepositoryConfigurationDelegate Bootstrapping Spring Data JPA repositories in DEFAULT mode.
2020-03-10 01:41:28 INFO  restartedMain org.springframework.data.repository.config.RepositoryConfigurationDelegate Finished Spring Data repository scanning in 19ms. Found 0 JPA repository interfaces.
2020-03-10 01:41:28 INFO  restartedMain org.springframework.data.repository.config.RepositoryConfigurationDelegate Multiple Spring Data modules found, entering strict repository configuration mode!
2020-03-10 01:41:28 INFO  restartedMain org.springframework.data.repository.config.RepositoryConfigurationDelegate Bootstrapping Spring Data Redis repositories in DEFAULT mode.
2020-03-10 01:41:28 INFO  restartedMain org.springframework.data.repository.config.RepositoryConfigurationDelegate Finished Spring Data repository scanning in 5ms. Found 0 Redis repository interfaces.
2020-03-10 01:41:29 INFO  restartedMain org.springframework.boot.web.embedded.tomcat.TomcatWebServer Tomcat initialized with port(s): 8081 (http)
2020-03-10 01:41:29 INFO  restartedMain org.apache.coyote.http11.Http11NioProtocol Initializing ProtocolHandler ["http-nio-8081"]
2020-03-10 01:41:29 INFO  restartedMain org.apache.catalina.core.StandardService Starting service [Tomcat]
2020-03-10 01:41:29 INFO  restartedMain org.apache.catalina.core.StandardEngine Starting Servlet engine: [Apache Tomcat/9.0.31]
2020-03-10 01:41:29 INFO  restartedMain org.apache.catalina.core.ContainerBase.[Tomcat].[localhost].[/] Initializing Spring embedded WebApplicationContext
2020-03-10 01:41:29 INFO  restartedMain org.springframework.web.context.ContextLoader Root WebApplicationContext: initialization completed in 1696 ms
2020-03-10 01:41:29 INFO  restartedMain com.alibaba.druid.spring.boot.autoconfigure.DruidDataSourceAutoConfigure Init DruidDataSource
2020-03-10 01:41:29 INFO  restartedMain com.alibaba.druid.pool.DruidDataSource {dataSource-1} inited
2020-03-10 01:41:30 INFO  restartedMain org.hibernate.jpa.internal.util.LogHelper HHH000204: Processing PersistenceUnitInfo [name: default]
2020-03-10 01:41:30 INFO  restartedMain org.hibernate.Version HHH000412: Hibernate ORM core version 5.4.12.Final
2020-03-10 01:41:30 INFO  restartedMain com.alibaba.druid.pool.DruidDataSource {dataSource-1} closed
2020-03-10 01:41:30 INFO  restartedMain org.apache.catalina.core.StandardService Stopping service [Tomcat]
2020-03-10 01:41:30 INFO  restartedMain org.springframework.boot.autoconfigure.logging.ConditionEvaluationReportLoggingListener 

Error starting ApplicationContext. To display the conditions report re-run your application with 'debug' enabled.
2020-03-10 01:44:13 INFO  restartedMain cn.edu.ahtcm.codegenerator.CodeGeneratorApplication Starting CodeGeneratorApplication on PC-201912311223 with PID 10248 (H:\study\web-base\code-generator\target\classes started by Administrator in H:\study\web-base)
2020-03-10 01:44:13 INFO  restartedMain cn.edu.ahtcm.codegenerator.CodeGeneratorApplication No active profile set, falling back to default profiles: default
2020-03-10 01:44:13 INFO  restartedMain org.springframework.boot.devtools.restart.ChangeableUrls The Class-Path manifest attribute in E:\maven_repository\org\glassfish\jaxb\jaxb-runtime\2.3.2\jaxb-runtime-2.3.2.jar referenced one or more files that do not exist: file:/E:/maven_repository/org/glassfish/jaxb/jaxb-runtime/2.3.2/jakarta.xml.bind-api-2.3.2.jar,file:/E:/maven_repository/org/glassfish/jaxb/jaxb-runtime/2.3.2/txw2-2.3.2.jar,file:/E:/maven_repository/org/glassfish/jaxb/jaxb-runtime/2.3.2/istack-commons-runtime-3.0.8.jar,file:/E:/maven_repository/org/glassfish/jaxb/jaxb-runtime/2.3.2/stax-ex-1.8.1.jar,file:/E:/maven_repository/org/glassfish/jaxb/jaxb-runtime/2.3.2/FastInfoset-1.2.16.jar,file:/E:/maven_repository/org/glassfish/jaxb/jaxb-runtime/2.3.2/jakarta.activation-api-1.2.1.jar
2020-03-10 01:44:13 INFO  restartedMain org.springframework.boot.devtools.env.DevToolsPropertyDefaultsPostProcessor Devtools property defaults active! Set 'spring.devtools.add-properties' to 'false' to disable
2020-03-10 01:44:13 INFO  restartedMain org.springframework.boot.devtools.env.DevToolsPropertyDefaultsPostProcessor For additional web related logging consider setting the 'logging.level.web' property to 'DEBUG'
2020-03-10 01:44:14 INFO  restartedMain org.springframework.data.repository.config.RepositoryConfigurationDelegate Multiple Spring Data modules found, entering strict repository configuration mode!
2020-03-10 01:44:14 INFO  restartedMain org.springframework.data.repository.config.RepositoryConfigurationDelegate Bootstrapping Spring Data JPA repositories in DEFAULT mode.
2020-03-10 01:44:14 INFO  restartedMain org.springframework.data.repository.config.RepositoryConfigurationDelegate Finished Spring Data repository scanning in 30ms. Found 0 JPA repository interfaces.
2020-03-10 01:44:14 INFO  restartedMain org.springframework.data.repository.config.RepositoryConfigurationDelegate Multiple Spring Data modules found, entering strict repository configuration mode!
2020-03-10 01:44:14 INFO  restartedMain org.springframework.data.repository.config.RepositoryConfigurationDelegate Bootstrapping Spring Data Redis repositories in DEFAULT mode.
2020-03-10 01:44:14 INFO  restartedMain org.springframework.data.repository.config.RepositoryConfigurationDelegate Finished Spring Data repository scanning in 6ms. Found 0 Redis repository interfaces.
2020-03-10 01:44:15 INFO  restartedMain org.springframework.boot.web.embedded.tomcat.TomcatWebServer Tomcat initialized with port(s): 8081 (http)
2020-03-10 01:44:15 INFO  restartedMain org.apache.coyote.http11.Http11NioProtocol Initializing ProtocolHandler ["http-nio-8081"]
2020-03-10 01:44:15 INFO  restartedMain org.apache.catalina.core.StandardService Starting service [Tomcat]
2020-03-10 01:44:15 INFO  restartedMain org.apache.catalina.core.StandardEngine Starting Servlet engine: [Apache Tomcat/9.0.31]
2020-03-10 01:44:16 INFO  restartedMain org.apache.catalina.core.ContainerBase.[Tomcat].[localhost].[/] Initializing Spring embedded WebApplicationContext
2020-03-10 01:44:16 INFO  restartedMain org.springframework.web.context.ContextLoader Root WebApplicationContext: initialization completed in 2632 ms
2020-03-10 01:44:16 INFO  restartedMain com.alibaba.druid.spring.boot.autoconfigure.DruidDataSourceAutoConfigure Init DruidDataSource
2020-03-10 01:44:16 INFO  restartedMain com.alibaba.druid.pool.DruidDataSource {dataSource-1} inited
2020-03-10 01:44:17 INFO  restartedMain org.hibernate.jpa.internal.util.LogHelper HHH000204: Processing PersistenceUnitInfo [name: default]
2020-03-10 01:44:17 INFO  restartedMain org.hibernate.Version HHH000412: Hibernate ORM core version 5.4.12.Final
2020-03-10 01:44:17 INFO  restartedMain com.alibaba.druid.pool.DruidDataSource {dataSource-1} closed
2020-03-10 01:44:17 INFO  restartedMain org.apache.catalina.core.StandardService Stopping service [Tomcat]
2020-03-10 01:44:17 INFO  restartedMain org.springframework.boot.autoconfigure.logging.ConditionEvaluationReportLoggingListener 

Error starting ApplicationContext. To display the conditions report re-run your application with 'debug' enabled.
2020-03-10 01:44:29 INFO  restartedMain cn.edu.ahtcm.codegenerator.CodeGeneratorApplication Starting CodeGeneratorApplication on PC-201912311223 with PID 17860 (H:\study\web-base\code-generator\target\classes started by Administrator in H:\study\web-base)
2020-03-10 01:44:29 INFO  restartedMain cn.edu.ahtcm.codegenerator.CodeGeneratorApplication No active profile set, falling back to default profiles: default
2020-03-10 01:44:29 INFO  restartedMain org.springframework.boot.devtools.restart.ChangeableUrls The Class-Path manifest attribute in E:\maven_repository\org\glassfish\jaxb\jaxb-runtime\2.3.2\jaxb-runtime-2.3.2.jar referenced one or more files that do not exist: file:/E:/maven_repository/org/glassfish/jaxb/jaxb-runtime/2.3.2/jakarta.xml.bind-api-2.3.2.jar,file:/E:/maven_repository/org/glassfish/jaxb/jaxb-runtime/2.3.2/txw2-2.3.2.jar,file:/E:/maven_repository/org/glassfish/jaxb/jaxb-runtime/2.3.2/istack-commons-runtime-3.0.8.jar,file:/E:/maven_repository/org/glassfish/jaxb/jaxb-runtime/2.3.2/stax-ex-1.8.1.jar,file:/E:/maven_repository/org/glassfish/jaxb/jaxb-runtime/2.3.2/FastInfoset-1.2.16.jar,file:/E:/maven_repository/org/glassfish/jaxb/jaxb-runtime/2.3.2/jakarta.activation-api-1.2.1.jar
2020-03-10 01:44:29 INFO  restartedMain org.springframework.boot.devtools.env.DevToolsPropertyDefaultsPostProcessor Devtools property defaults active! Set 'spring.devtools.add-properties' to 'false' to disable
2020-03-10 01:44:29 INFO  restartedMain org.springframework.boot.devtools.env.DevToolsPropertyDefaultsPostProcessor For additional web related logging consider setting the 'logging.level.web' property to 'DEBUG'
2020-03-10 01:44:30 INFO  restartedMain org.springframework.data.repository.config.RepositoryConfigurationDelegate Multiple Spring Data modules found, entering strict repository configuration mode!
2020-03-10 01:44:30 INFO  restartedMain org.springframework.data.repository.config.RepositoryConfigurationDelegate Bootstrapping Spring Data JPA repositories in DEFAULT mode.
2020-03-10 01:44:30 INFO  restartedMain org.springframework.data.repository.config.RepositoryConfigurationDelegate Finished Spring Data repository scanning in 24ms. Found 0 JPA repository interfaces.
2020-03-10 01:44:30 INFO  restartedMain org.springframework.data.repository.config.RepositoryConfigurationDelegate Multiple Spring Data modules found, entering strict repository configuration mode!
2020-03-10 01:44:30 INFO  restartedMain org.springframework.data.repository.config.RepositoryConfigurationDelegate Bootstrapping Spring Data Redis repositories in DEFAULT mode.
2020-03-10 01:44:30 INFO  restartedMain org.springframework.data.repository.config.RepositoryConfigurationDelegate Finished Spring Data repository scanning in 4ms. Found 0 Redis repository interfaces.
2020-03-10 01:44:31 INFO  restartedMain org.springframework.boot.web.embedded.tomcat.TomcatWebServer Tomcat initialized with port(s): 8081 (http)
2020-03-10 01:44:31 INFO  restartedMain org.apache.coyote.http11.Http11NioProtocol Initializing ProtocolHandler ["http-nio-8081"]
2020-03-10 01:44:31 INFO  restartedMain org.apache.catalina.core.StandardService Starting service [Tomcat]
2020-03-10 01:44:31 INFO  restartedMain org.apache.catalina.core.StandardEngine Starting Servlet engine: [Apache Tomcat/9.0.31]
2020-03-10 01:44:31 INFO  restartedMain org.apache.catalina.core.ContainerBase.[Tomcat].[localhost].[/] Initializing Spring embedded WebApplicationContext
2020-03-10 01:44:31 INFO  restartedMain org.springframework.web.context.ContextLoader Root WebApplicationContext: initialization completed in 1978 ms
2020-03-10 01:44:31 INFO  restartedMain com.alibaba.druid.spring.boot.autoconfigure.DruidDataSourceAutoConfigure Init DruidDataSource
2020-03-10 01:44:31 INFO  restartedMain com.alibaba.druid.pool.DruidDataSource {dataSource-1} inited
2020-03-10 01:44:32 INFO  restartedMain org.hibernate.jpa.internal.util.LogHelper HHH000204: Processing PersistenceUnitInfo [name: default]
2020-03-10 01:44:32 INFO  restartedMain org.hibernate.Version HHH000412: Hibernate ORM core version 5.4.12.Final
2020-03-10 01:44:32 INFO  restartedMain com.alibaba.druid.pool.DruidDataSource {dataSource-1} closed
2020-03-10 01:44:32 INFO  restartedMain org.apache.catalina.core.StandardService Stopping service [Tomcat]
2020-03-10 01:44:32 INFO  restartedMain org.springframework.boot.autoconfigure.logging.ConditionEvaluationReportLoggingListener 

Error starting ApplicationContext. To display the conditions report re-run your application with 'debug' enabled.
2020-03-10 01:44:48 INFO  restartedMain cn.edu.ahtcm.codegenerator.CodeGeneratorApplication Starting CodeGeneratorApplication on PC-201912311223 with PID 2064 (H:\study\web-base\code-generator\target\classes started by Administrator in H:\study\web-base)
2020-03-10 01:44:48 INFO  restartedMain cn.edu.ahtcm.codegenerator.CodeGeneratorApplication No active profile set, falling back to default profiles: default
2020-03-10 01:44:48 INFO  restartedMain org.springframework.boot.devtools.restart.ChangeableUrls The Class-Path manifest attribute in E:\maven_repository\org\glassfish\jaxb\jaxb-runtime\2.3.2\jaxb-runtime-2.3.2.jar referenced one or more files that do not exist: file:/E:/maven_repository/org/glassfish/jaxb/jaxb-runtime/2.3.2/jakarta.xml.bind-api-2.3.2.jar,file:/E:/maven_repository/org/glassfish/jaxb/jaxb-runtime/2.3.2/txw2-2.3.2.jar,file:/E:/maven_repository/org/glassfish/jaxb/jaxb-runtime/2.3.2/istack-commons-runtime-3.0.8.jar,file:/E:/maven_repository/org/glassfish/jaxb/jaxb-runtime/2.3.2/stax-ex-1.8.1.jar,file:/E:/maven_repository/org/glassfish/jaxb/jaxb-runtime/2.3.2/FastInfoset-1.2.16.jar,file:/E:/maven_repository/org/glassfish/jaxb/jaxb-runtime/2.3.2/jakarta.activation-api-1.2.1.jar
2020-03-10 01:44:48 INFO  restartedMain org.springframework.boot.devtools.env.DevToolsPropertyDefaultsPostProcessor Devtools property defaults active! Set 'spring.devtools.add-properties' to 'false' to disable
2020-03-10 01:44:48 INFO  restartedMain org.springframework.boot.devtools.env.DevToolsPropertyDefaultsPostProcessor For additional web related logging consider setting the 'logging.level.web' property to 'DEBUG'
2020-03-10 01:44:49 INFO  restartedMain org.springframework.data.repository.config.RepositoryConfigurationDelegate Multiple Spring Data modules found, entering strict repository configuration mode!
2020-03-10 01:44:49 INFO  restartedMain org.springframework.data.repository.config.RepositoryConfigurationDelegate Bootstrapping Spring Data JPA repositories in DEFAULT mode.
2020-03-10 01:44:49 INFO  restartedMain org.springframework.data.repository.config.RepositoryConfigurationDelegate Finished Spring Data repository scanning in 19ms. Found 0 JPA repository interfaces.
2020-03-10 01:44:49 INFO  restartedMain org.springframework.data.repository.config.RepositoryConfigurationDelegate Multiple Spring Data modules found, entering strict repository configuration mode!
2020-03-10 01:44:49 INFO  restartedMain org.springframework.data.repository.config.RepositoryConfigurationDelegate Bootstrapping Spring Data Redis repositories in DEFAULT mode.
2020-03-10 01:44:49 INFO  restartedMain org.springframework.data.repository.config.RepositoryConfigurationDelegate Finished Spring Data repository scanning in 4ms. Found 0 Redis repository interfaces.
2020-03-10 01:44:50 INFO  restartedMain org.springframework.boot.web.embedded.tomcat.TomcatWebServer Tomcat initialized with port(s): 8081 (http)
2020-03-10 01:44:50 INFO  restartedMain org.apache.coyote.http11.Http11NioProtocol Initializing ProtocolHandler ["http-nio-8081"]
2020-03-10 01:44:50 INFO  restartedMain org.apache.catalina.core.StandardService Starting service [Tomcat]
2020-03-10 01:44:50 INFO  restartedMain org.apache.catalina.core.StandardEngine Starting Servlet engine: [Apache Tomcat/9.0.31]
2020-03-10 01:44:50 INFO  restartedMain org.apache.catalina.core.ContainerBase.[Tomcat].[localhost].[/] Initializing Spring embedded WebApplicationContext
2020-03-10 01:44:50 INFO  restartedMain org.springframework.web.context.ContextLoader Root WebApplicationContext: initialization completed in 1993 ms
2020-03-10 01:44:50 INFO  restartedMain com.alibaba.druid.spring.boot.autoconfigure.DruidDataSourceAutoConfigure Init DruidDataSource
2020-03-10 01:44:50 INFO  restartedMain com.alibaba.druid.pool.DruidDataSource {dataSource-1} inited
2020-03-10 01:44:51 INFO  restartedMain org.hibernate.jpa.internal.util.LogHelper HHH000204: Processing PersistenceUnitInfo [name: default]
2020-03-10 01:44:51 INFO  restartedMain org.hibernate.Version HHH000412: Hibernate ORM core version 5.4.12.Final
2020-03-10 01:44:52 INFO  restartedMain com.alibaba.druid.pool.DruidDataSource {dataSource-1} closed
2020-03-10 01:44:52 INFO  restartedMain org.apache.catalina.core.StandardService Stopping service [Tomcat]
2020-03-10 01:44:52 INFO  restartedMain org.springframework.boot.autoconfigure.logging.ConditionEvaluationReportLoggingListener 

Error starting ApplicationContext. To display the conditions report re-run your application with 'debug' enabled.
2020-03-10 01:47:05 INFO  restartedMain cn.edu.ahtcm.codegenerator.CodeGeneratorApplication Starting CodeGeneratorApplication on PC-201912311223 with PID 6060 (H:\study\web-base\code-generator\target\classes started by Administrator in H:\study\web-base)
2020-03-10 01:47:05 INFO  restartedMain cn.edu.ahtcm.codegenerator.CodeGeneratorApplication No active profile set, falling back to default profiles: default
2020-03-10 01:47:05 INFO  restartedMain org.springframework.boot.devtools.restart.ChangeableUrls The Class-Path manifest attribute in E:\maven_repository\org\glassfish\jaxb\jaxb-runtime\2.3.2\jaxb-runtime-2.3.2.jar referenced one or more files that do not exist: file:/E:/maven_repository/org/glassfish/jaxb/jaxb-runtime/2.3.2/jakarta.xml.bind-api-2.3.2.jar,file:/E:/maven_repository/org/glassfish/jaxb/jaxb-runtime/2.3.2/txw2-2.3.2.jar,file:/E:/maven_repository/org/glassfish/jaxb/jaxb-runtime/2.3.2/istack-commons-runtime-3.0.8.jar,file:/E:/maven_repository/org/glassfish/jaxb/jaxb-runtime/2.3.2/stax-ex-1.8.1.jar,file:/E:/maven_repository/org/glassfish/jaxb/jaxb-runtime/2.3.2/FastInfoset-1.2.16.jar,file:/E:/maven_repository/org/glassfish/jaxb/jaxb-runtime/2.3.2/jakarta.activation-api-1.2.1.jar
2020-03-10 01:47:05 INFO  restartedMain org.springframework.boot.devtools.env.DevToolsPropertyDefaultsPostProcessor Devtools property defaults active! Set 'spring.devtools.add-properties' to 'false' to disable
2020-03-10 01:47:05 INFO  restartedMain org.springframework.boot.devtools.env.DevToolsPropertyDefaultsPostProcessor For additional web related logging consider setting the 'logging.level.web' property to 'DEBUG'
2020-03-10 01:47:06 INFO  restartedMain org.springframework.data.repository.config.RepositoryConfigurationDelegate Multiple Spring Data modules found, entering strict repository configuration mode!
2020-03-10 01:47:06 INFO  restartedMain org.springframework.data.repository.config.RepositoryConfigurationDelegate Bootstrapping Spring Data JPA repositories in DEFAULT mode.
2020-03-10 01:47:06 INFO  restartedMain org.springframework.data.repository.config.RepositoryConfigurationDelegate Finished Spring Data repository scanning in 19ms. Found 0 JPA repository interfaces.
2020-03-10 01:47:06 INFO  restartedMain org.springframework.data.repository.config.RepositoryConfigurationDelegate Multiple Spring Data modules found, entering strict repository configuration mode!
2020-03-10 01:47:06 INFO  restartedMain org.springframework.data.repository.config.RepositoryConfigurationDelegate Bootstrapping Spring Data Redis repositories in DEFAULT mode.
2020-03-10 01:47:06 INFO  restartedMain org.springframework.data.repository.config.RepositoryConfigurationDelegate Finished Spring Data repository scanning in 4ms. Found 0 Redis repository interfaces.
2020-03-10 01:47:07 INFO  restartedMain org.springframework.boot.web.embedded.tomcat.TomcatWebServer Tomcat initialized with port(s): 8081 (http)
2020-03-10 01:47:07 INFO  restartedMain org.apache.coyote.http11.Http11NioProtocol Initializing ProtocolHandler ["http-nio-8081"]
2020-03-10 01:47:07 INFO  restartedMain org.apache.catalina.core.StandardService Starting service [Tomcat]
2020-03-10 01:47:07 INFO  restartedMain org.apache.catalina.core.StandardEngine Starting Servlet engine: [Apache Tomcat/9.0.31]
2020-03-10 01:47:07 INFO  restartedMain org.apache.catalina.core.ContainerBase.[Tomcat].[localhost].[/] Initializing Spring embedded WebApplicationContext
2020-03-10 01:47:07 INFO  restartedMain org.springframework.web.context.ContextLoader Root WebApplicationContext: initialization completed in 1938 ms
2020-03-10 01:47:07 INFO  restartedMain com.alibaba.druid.spring.boot.autoconfigure.DruidDataSourceAutoConfigure Init DruidDataSource
2020-03-10 01:47:07 INFO  restartedMain com.alibaba.druid.pool.DruidDataSource {dataSource-1} inited
2020-03-10 01:47:08 INFO  restartedMain org.hibernate.jpa.internal.util.LogHelper HHH000204: Processing PersistenceUnitInfo [name: default]
2020-03-10 01:47:08 INFO  restartedMain org.hibernate.Version HHH000412: Hibernate ORM core version 5.4.12.Final
2020-03-10 01:47:08 INFO  restartedMain com.alibaba.druid.pool.DruidDataSource {dataSource-1} closed
2020-03-10 01:47:08 INFO  restartedMain org.apache.catalina.core.StandardService Stopping service [Tomcat]
2020-03-10 01:47:08 INFO  restartedMain org.springframework.boot.autoconfigure.logging.ConditionEvaluationReportLoggingListener 

Error starting ApplicationContext. To display the conditions report re-run your application with 'debug' enabled.
2020-03-10 01:47:32 INFO  restartedMain cn.edu.ahtcm.codegenerator.CodeGeneratorApplication Starting CodeGeneratorApplication on PC-201912311223 with PID 11044 (H:\study\web-base\code-generator\target\classes started by Administrator in H:\study\web-base)
2020-03-10 01:47:33 INFO  restartedMain cn.edu.ahtcm.codegenerator.CodeGeneratorApplication No active profile set, falling back to default profiles: default
2020-03-10 01:47:33 INFO  restartedMain org.springframework.boot.devtools.restart.ChangeableUrls The Class-Path manifest attribute in E:\maven_repository\org\glassfish\jaxb\jaxb-runtime\2.3.2\jaxb-runtime-2.3.2.jar referenced one or more files that do not exist: file:/E:/maven_repository/org/glassfish/jaxb/jaxb-runtime/2.3.2/jakarta.xml.bind-api-2.3.2.jar,file:/E:/maven_repository/org/glassfish/jaxb/jaxb-runtime/2.3.2/txw2-2.3.2.jar,file:/E:/maven_repository/org/glassfish/jaxb/jaxb-runtime/2.3.2/istack-commons-runtime-3.0.8.jar,file:/E:/maven_repository/org/glassfish/jaxb/jaxb-runtime/2.3.2/stax-ex-1.8.1.jar,file:/E:/maven_repository/org/glassfish/jaxb/jaxb-runtime/2.3.2/FastInfoset-1.2.16.jar,file:/E:/maven_repository/org/glassfish/jaxb/jaxb-runtime/2.3.2/jakarta.activation-api-1.2.1.jar
2020-03-10 01:47:33 INFO  restartedMain org.springframework.boot.devtools.env.DevToolsPropertyDefaultsPostProcessor Devtools property defaults active! Set 'spring.devtools.add-properties' to 'false' to disable
2020-03-10 01:47:33 INFO  restartedMain org.springframework.boot.devtools.env.DevToolsPropertyDefaultsPostProcessor For additional web related logging consider setting the 'logging.level.web' property to 'DEBUG'
2020-03-10 01:47:33 INFO  restartedMain org.springframework.data.repository.config.RepositoryConfigurationDelegate Multiple Spring Data modules found, entering strict repository configuration mode!
2020-03-10 01:47:33 INFO  restartedMain org.springframework.data.repository.config.RepositoryConfigurationDelegate Bootstrapping Spring Data JPA repositories in DEFAULT mode.
2020-03-10 01:47:33 INFO  restartedMain org.springframework.data.repository.config.RepositoryConfigurationDelegate Finished Spring Data repository scanning in 17ms. Found 0 JPA repository interfaces.
2020-03-10 01:47:34 INFO  restartedMain org.springframework.data.repository.config.RepositoryConfigurationDelegate Multiple Spring Data modules found, entering strict repository configuration mode!
2020-03-10 01:47:34 INFO  restartedMain org.springframework.data.repository.config.RepositoryConfigurationDelegate Bootstrapping Spring Data Redis repositories in DEFAULT mode.
2020-03-10 01:47:34 INFO  restartedMain org.springframework.data.repository.config.RepositoryConfigurationDelegate Finished Spring Data repository scanning in 3ms. Found 0 Redis repository interfaces.
2020-03-10 01:47:34 INFO  restartedMain org.springframework.boot.web.embedded.tomcat.TomcatWebServer Tomcat initialized with port(s): 8081 (http)
2020-03-10 01:47:34 INFO  restartedMain org.apache.coyote.http11.Http11NioProtocol Initializing ProtocolHandler ["http-nio-8081"]
2020-03-10 01:47:34 INFO  restartedMain org.apache.catalina.core.StandardService Starting service [Tomcat]
2020-03-10 01:47:34 INFO  restartedMain org.apache.catalina.core.StandardEngine Starting Servlet engine: [Apache Tomcat/9.0.31]
2020-03-10 01:47:34 INFO  restartedMain org.apache.catalina.core.ContainerBase.[Tomcat].[localhost].[/] Initializing Spring embedded WebApplicationContext
2020-03-10 01:47:34 INFO  restartedMain org.springframework.web.context.ContextLoader Root WebApplicationContext: initialization completed in 1912 ms
2020-03-10 01:47:35 INFO  restartedMain com.alibaba.druid.spring.boot.autoconfigure.DruidDataSourceAutoConfigure Init DruidDataSource
2020-03-10 01:47:35 INFO  restartedMain com.alibaba.druid.pool.DruidDataSource {dataSource-1} inited
2020-03-10 01:47:35 INFO  restartedMain org.hibernate.jpa.internal.util.LogHelper HHH000204: Processing PersistenceUnitInfo [name: default]
2020-03-10 01:47:36 INFO  restartedMain org.hibernate.Version HHH000412: Hibernate ORM core version 5.4.12.Final
2020-03-10 01:47:36 INFO  restartedMain com.alibaba.druid.pool.DruidDataSource {dataSource-1} closed
2020-03-10 01:47:36 INFO  restartedMain org.apache.catalina.core.StandardService Stopping service [Tomcat]
2020-03-10 01:47:36 INFO  restartedMain org.springframework.boot.autoconfigure.logging.ConditionEvaluationReportLoggingListener 

Error starting ApplicationContext. To display the conditions report re-run your application with 'debug' enabled.
2020-03-10 01:48:33 INFO  restartedMain cn.edu.ahtcm.codegenerator.CodeGeneratorApplication Starting CodeGeneratorApplication on PC-201912311223 with PID 11884 (H:\study\web-base\code-generator\target\classes started by Administrator in H:\study\web-base)
2020-03-10 01:48:33 INFO  restartedMain cn.edu.ahtcm.codegenerator.CodeGeneratorApplication No active profile set, falling back to default profiles: default
2020-03-10 01:48:34 INFO  restartedMain org.springframework.boot.devtools.restart.ChangeableUrls The Class-Path manifest attribute in E:\maven_repository\org\glassfish\jaxb\jaxb-runtime\2.3.2\jaxb-runtime-2.3.2.jar referenced one or more files that do not exist: file:/E:/maven_repository/org/glassfish/jaxb/jaxb-runtime/2.3.2/jakarta.xml.bind-api-2.3.2.jar,file:/E:/maven_repository/org/glassfish/jaxb/jaxb-runtime/2.3.2/txw2-2.3.2.jar,file:/E:/maven_repository/org/glassfish/jaxb/jaxb-runtime/2.3.2/istack-commons-runtime-3.0.8.jar,file:/E:/maven_repository/org/glassfish/jaxb/jaxb-runtime/2.3.2/stax-ex-1.8.1.jar,file:/E:/maven_repository/org/glassfish/jaxb/jaxb-runtime/2.3.2/FastInfoset-1.2.16.jar,file:/E:/maven_repository/org/glassfish/jaxb/jaxb-runtime/2.3.2/jakarta.activation-api-1.2.1.jar
2020-03-10 01:48:34 INFO  restartedMain org.springframework.boot.devtools.env.DevToolsPropertyDefaultsPostProcessor Devtools property defaults active! Set 'spring.devtools.add-properties' to 'false' to disable
2020-03-10 01:48:34 INFO  restartedMain org.springframework.boot.devtools.env.DevToolsPropertyDefaultsPostProcessor For additional web related logging consider setting the 'logging.level.web' property to 'DEBUG'
2020-03-10 01:48:35 INFO  restartedMain org.springframework.data.repository.config.RepositoryConfigurationDelegate Multiple Spring Data modules found, entering strict repository configuration mode!
2020-03-10 01:48:35 INFO  restartedMain org.springframework.data.repository.config.RepositoryConfigurationDelegate Bootstrapping Spring Data JPA repositories in DEFAULT mode.
2020-03-10 01:48:35 INFO  restartedMain org.springframework.data.repository.config.RepositoryConfigurationDelegate Finished Spring Data repository scanning in 19ms. Found 0 JPA repository interfaces.
2020-03-10 01:48:35 INFO  restartedMain org.springframework.data.repository.config.RepositoryConfigurationDelegate Multiple Spring Data modules found, entering strict repository configuration mode!
2020-03-10 01:48:35 INFO  restartedMain org.springframework.data.repository.config.RepositoryConfigurationDelegate Bootstrapping Spring Data Redis repositories in DEFAULT mode.
2020-03-10 01:48:35 INFO  restartedMain org.springframework.data.repository.config.RepositoryConfigurationDelegate Finished Spring Data repository scanning in 4ms. Found 0 Redis repository interfaces.
2020-03-10 01:48:36 INFO  restartedMain org.springframework.boot.web.embedded.tomcat.TomcatWebServer Tomcat initialized with port(s): 8081 (http)
2020-03-10 01:48:36 INFO  restartedMain org.apache.coyote.http11.Http11NioProtocol Initializing ProtocolHandler ["http-nio-8081"]
2020-03-10 01:48:36 INFO  restartedMain org.apache.catalina.core.StandardService Starting service [Tomcat]
2020-03-10 01:48:37 INFO  restartedMain org.apache.catalina.core.StandardEngine Starting Servlet engine: [Apache Tomcat/9.0.31]
2020-03-10 01:48:37 INFO  restartedMain org.apache.catalina.core.ContainerBase.[Tomcat].[localhost].[/] Initializing Spring embedded WebApplicationContext
2020-03-10 01:48:37 INFO  restartedMain org.springframework.web.context.ContextLoader Root WebApplicationContext: initialization completed in 3431 ms
2020-03-10 01:48:37 INFO  restartedMain com.alibaba.druid.spring.boot.autoconfigure.DruidDataSourceAutoConfigure Init DruidDataSource
2020-03-10 01:48:38 INFO  restartedMain com.alibaba.druid.pool.DruidDataSource {dataSource-1} inited
2020-03-10 01:48:38 INFO  restartedMain org.hibernate.jpa.internal.util.LogHelper HHH000204: Processing PersistenceUnitInfo [name: default]
2020-03-10 01:48:38 INFO  restartedMain org.hibernate.Version HHH000412: Hibernate ORM core version 5.4.12.Final
2020-03-10 01:48:39 INFO  restartedMain com.alibaba.druid.pool.DruidDataSource {dataSource-1} closed
2020-03-10 01:48:39 INFO  restartedMain org.apache.catalina.core.StandardService Stopping service [Tomcat]
2020-03-10 01:48:39 INFO  restartedMain org.springframework.boot.autoconfigure.logging.ConditionEvaluationReportLoggingListener 

Error starting ApplicationContext. To display the conditions report re-run your application with 'debug' enabled.
2020-03-10 01:50:26 INFO  restartedMain cn.edu.ahtcm.codegenerator.CodeGeneratorApplication Starting CodeGeneratorApplication on PC-201912311223 with PID 16588 (H:\study\web-base\code-generator\target\classes started by Administrator in H:\study\web-base)
2020-03-10 01:50:26 INFO  restartedMain cn.edu.ahtcm.codegenerator.CodeGeneratorApplication No active profile set, falling back to default profiles: default
2020-03-10 01:50:26 INFO  restartedMain org.springframework.boot.devtools.restart.ChangeableUrls The Class-Path manifest attribute in E:\maven_repository\org\glassfish\jaxb\jaxb-runtime\2.3.2\jaxb-runtime-2.3.2.jar referenced one or more files that do not exist: file:/E:/maven_repository/org/glassfish/jaxb/jaxb-runtime/2.3.2/jakarta.xml.bind-api-2.3.2.jar,file:/E:/maven_repository/org/glassfish/jaxb/jaxb-runtime/2.3.2/txw2-2.3.2.jar,file:/E:/maven_repository/org/glassfish/jaxb/jaxb-runtime/2.3.2/istack-commons-runtime-3.0.8.jar,file:/E:/maven_repository/org/glassfish/jaxb/jaxb-runtime/2.3.2/stax-ex-1.8.1.jar,file:/E:/maven_repository/org/glassfish/jaxb/jaxb-runtime/2.3.2/FastInfoset-1.2.16.jar,file:/E:/maven_repository/org/glassfish/jaxb/jaxb-runtime/2.3.2/jakarta.activation-api-1.2.1.jar
2020-03-10 01:50:26 INFO  restartedMain org.springframework.boot.devtools.env.DevToolsPropertyDefaultsPostProcessor Devtools property defaults active! Set 'spring.devtools.add-properties' to 'false' to disable
2020-03-10 01:50:26 INFO  restartedMain org.springframework.boot.devtools.env.DevToolsPropertyDefaultsPostProcessor For additional web related logging consider setting the 'logging.level.web' property to 'DEBUG'
2020-03-10 01:50:27 INFO  restartedMain org.springframework.data.repository.config.RepositoryConfigurationDelegate Multiple Spring Data modules found, entering strict repository configuration mode!
2020-03-10 01:50:27 INFO  restartedMain org.springframework.data.repository.config.RepositoryConfigurationDelegate Bootstrapping Spring Data JPA repositories in DEFAULT mode.
2020-03-10 01:50:27 INFO  restartedMain org.springframework.data.repository.config.RepositoryConfigurationDelegate Finished Spring Data repository scanning in 20ms. Found 0 JPA repository interfaces.
2020-03-10 01:50:27 INFO  restartedMain org.springframework.data.repository.config.RepositoryConfigurationDelegate Multiple Spring Data modules found, entering strict repository configuration mode!
2020-03-10 01:50:27 INFO  restartedMain org.springframework.data.repository.config.RepositoryConfigurationDelegate Bootstrapping Spring Data Redis repositories in DEFAULT mode.
2020-03-10 01:50:27 INFO  restartedMain org.springframework.data.repository.config.RepositoryConfigurationDelegate Finished Spring Data repository scanning in 4ms. Found 0 Redis repository interfaces.
2020-03-10 01:50:27 INFO  restartedMain org.springframework.boot.web.embedded.tomcat.TomcatWebServer Tomcat initialized with port(s): 8081 (http)
2020-03-10 01:50:27 INFO  restartedMain org.apache.coyote.http11.Http11NioProtocol Initializing ProtocolHandler ["http-nio-8081"]
2020-03-10 01:50:27 INFO  restartedMain org.apache.catalina.core.StandardService Starting service [Tomcat]
2020-03-10 01:50:27 INFO  restartedMain org.apache.catalina.core.StandardEngine Starting Servlet engine: [Apache Tomcat/9.0.31]
2020-03-10 01:50:28 INFO  restartedMain org.apache.catalina.core.ContainerBase.[Tomcat].[localhost].[/] Initializing Spring embedded WebApplicationContext
2020-03-10 01:50:28 INFO  restartedMain org.springframework.web.context.ContextLoader Root WebApplicationContext: initialization completed in 2056 ms
2020-03-10 01:50:28 INFO  restartedMain com.alibaba.druid.spring.boot.autoconfigure.DruidDataSourceAutoConfigure Init DruidDataSource
2020-03-10 01:50:28 INFO  restartedMain com.alibaba.druid.pool.DruidDataSource {dataSource-1} inited
2020-03-10 01:50:29 INFO  restartedMain org.hibernate.jpa.internal.util.LogHelper HHH000204: Processing PersistenceUnitInfo [name: default]
2020-03-10 01:50:29 INFO  restartedMain org.hibernate.Version HHH000412: Hibernate ORM core version 5.4.12.Final
2020-03-10 01:50:29 INFO  restartedMain org.hibernate.annotations.common.Version HCANN000001: Hibernate Commons Annotations {5.1.0.Final}
2020-03-10 01:50:29 INFO  restartedMain org.hibernate.dialect.Dialect HHH000400: Using dialect: org.hibernate.dialect.MySQL8Dialect
2020-03-10 01:50:29 INFO  restartedMain org.hibernate.engine.transaction.jta.platform.internal.JtaPlatformInitiator HHH000490: Using JtaPlatform implementation: [org.hibernate.engine.transaction.jta.platform.internal.NoJtaPlatform]
2020-03-10 01:50:29 INFO  restartedMain org.springframework.orm.jpa.LocalContainerEntityManagerFactoryBean Initialized JPA EntityManagerFactory for persistence unit 'default'
2020-03-10 01:50:30 INFO  restartedMain org.springframework.scheduling.concurrent.ThreadPoolTaskExecutor Initializing ExecutorService 'applicationTaskExecutor'
2020-03-10 01:50:30 INFO  restartedMain org.springframework.boot.devtools.autoconfigure.OptionalLiveReloadServer LiveReload server is running on port 35729
2020-03-10 01:50:30 INFO  restartedMain org.apache.coyote.http11.Http11NioProtocol Starting ProtocolHandler ["http-nio-8081"]
2020-03-10 01:50:30 INFO  restartedMain org.springframework.boot.web.embedded.tomcat.TomcatWebServer Tomcat started on port(s): 8081 (http) with context path ''
2020-03-10 01:50:30 INFO  restartedMain cn.edu.ahtcm.codegenerator.CodeGeneratorApplication Started CodeGeneratorApplication in 5.677 seconds (JVM running for 7.458)
2020-03-10 01:51:12 INFO  SpringContextShutdownHook org.springframework.scheduling.concurrent.ThreadPoolTaskExecutor Shutting down ExecutorService 'applicationTaskExecutor'
2020-03-10 01:51:12 INFO  SpringContextShutdownHook org.springframework.orm.jpa.LocalContainerEntityManagerFactoryBean Closing JPA EntityManagerFactory for persistence unit 'default'
2020-03-10 01:51:12 INFO  SpringContextShutdownHook com.alibaba.druid.pool.DruidDataSource {dataSource-1} closed
2020-03-10 01:51:25 INFO  restartedMain cn.edu.ahtcm.codegenerator.CodeGeneratorApplication Starting CodeGeneratorApplication on PC-201912311223 with PID 13532 (H:\study\web-base\code-generator\target\classes started by Administrator in H:\study\web-base)
2020-03-10 01:51:25 INFO  restartedMain cn.edu.ahtcm.codegenerator.CodeGeneratorApplication No active profile set, falling back to default profiles: default
2020-03-10 01:51:26 INFO  restartedMain org.springframework.boot.devtools.restart.ChangeableUrls The Class-Path manifest attribute in E:\maven_repository\org\glassfish\jaxb\jaxb-runtime\2.3.2\jaxb-runtime-2.3.2.jar referenced one or more files that do not exist: file:/E:/maven_repository/org/glassfish/jaxb/jaxb-runtime/2.3.2/jakarta.xml.bind-api-2.3.2.jar,file:/E:/maven_repository/org/glassfish/jaxb/jaxb-runtime/2.3.2/txw2-2.3.2.jar,file:/E:/maven_repository/org/glassfish/jaxb/jaxb-runtime/2.3.2/istack-commons-runtime-3.0.8.jar,file:/E:/maven_repository/org/glassfish/jaxb/jaxb-runtime/2.3.2/stax-ex-1.8.1.jar,file:/E:/maven_repository/org/glassfish/jaxb/jaxb-runtime/2.3.2/FastInfoset-1.2.16.jar,file:/E:/maven_repository/org/glassfish/jaxb/jaxb-runtime/2.3.2/jakarta.activation-api-1.2.1.jar
2020-03-10 01:51:26 INFO  restartedMain org.springframework.boot.devtools.env.DevToolsPropertyDefaultsPostProcessor Devtools property defaults active! Set 'spring.devtools.add-properties' to 'false' to disable
2020-03-10 01:51:26 INFO  restartedMain org.springframework.boot.devtools.env.DevToolsPropertyDefaultsPostProcessor For additional web related logging consider setting the 'logging.level.web' property to 'DEBUG'
2020-03-10 01:51:26 INFO  restartedMain org.springframework.data.repository.config.RepositoryConfigurationDelegate Multiple Spring Data modules found, entering strict repository configuration mode!
2020-03-10 01:51:26 INFO  restartedMain org.springframework.data.repository.config.RepositoryConfigurationDelegate Bootstrapping Spring Data JPA repositories in DEFAULT mode.
2020-03-10 01:51:26 INFO  restartedMain org.springframework.data.repository.config.RepositoryConfigurationDelegate Finished Spring Data repository scanning in 20ms. Found 0 JPA repository interfaces.
2020-03-10 01:51:26 INFO  restartedMain org.springframework.data.repository.config.RepositoryConfigurationDelegate Multiple Spring Data modules found, entering strict repository configuration mode!
2020-03-10 01:51:26 INFO  restartedMain org.springframework.data.repository.config.RepositoryConfigurationDelegate Bootstrapping Spring Data Redis repositories in DEFAULT mode.
2020-03-10 01:51:26 INFO  restartedMain org.springframework.data.repository.config.RepositoryConfigurationDelegate Finished Spring Data repository scanning in 3ms. Found 0 Redis repository interfaces.
2020-03-10 01:51:27 INFO  restartedMain org.springframework.boot.web.embedded.tomcat.TomcatWebServer Tomcat initialized with port(s): 8081 (http)
2020-03-10 01:51:27 INFO  restartedMain org.apache.coyote.http11.Http11NioProtocol Initializing ProtocolHandler ["http-nio-8081"]
2020-03-10 01:51:27 INFO  restartedMain org.apache.catalina.core.StandardService Starting service [Tomcat]
2020-03-10 01:51:27 INFO  restartedMain org.apache.catalina.core.StandardEngine Starting Servlet engine: [Apache Tomcat/9.0.31]
2020-03-10 01:51:27 INFO  restartedMain org.apache.catalina.core.ContainerBase.[Tomcat].[localhost].[/] Initializing Spring embedded WebApplicationContext
2020-03-10 01:51:27 INFO  restartedMain org.springframework.web.context.ContextLoader Root WebApplicationContext: initialization completed in 1907 ms
2020-03-10 01:51:28 INFO  restartedMain com.alibaba.druid.spring.boot.autoconfigure.DruidDataSourceAutoConfigure Init DruidDataSource
2020-03-10 01:51:28 INFO  restartedMain com.alibaba.druid.pool.DruidDataSource {dataSource-1} inited
2020-03-10 01:51:29 INFO  restartedMain org.hibernate.jpa.internal.util.LogHelper HHH000204: Processing PersistenceUnitInfo [name: default]
2020-03-10 01:51:29 INFO  restartedMain org.hibernate.Version HHH000412: Hibernate ORM core version 5.4.12.Final
2020-03-10 01:51:29 INFO  restartedMain com.alibaba.druid.pool.DruidDataSource {dataSource-1} closed
2020-03-10 01:51:29 INFO  restartedMain org.apache.catalina.core.StandardService Stopping service [Tomcat]
2020-03-10 01:51:29 INFO  restartedMain org.springframework.boot.autoconfigure.logging.ConditionEvaluationReportLoggingListener 

Error starting ApplicationContext. To display the conditions report re-run your application with 'debug' enabled.
2020-03-10 01:53:14 INFO  restartedMain cn.edu.ahtcm.codegenerator.CodeGeneratorApplication Starting CodeGeneratorApplication on PC-201912311223 with PID 10352 (H:\study\web-base\code-generator\target\classes started by Administrator in H:\study\web-base)
2020-03-10 01:53:14 INFO  restartedMain cn.edu.ahtcm.codegenerator.CodeGeneratorApplication No active profile set, falling back to default profiles: default
2020-03-10 01:53:14 INFO  restartedMain org.springframework.boot.devtools.restart.ChangeableUrls The Class-Path manifest attribute in E:\maven_repository\org\glassfish\jaxb\jaxb-runtime\2.3.2\jaxb-runtime-2.3.2.jar referenced one or more files that do not exist: file:/E:/maven_repository/org/glassfish/jaxb/jaxb-runtime/2.3.2/jakarta.xml.bind-api-2.3.2.jar,file:/E:/maven_repository/org/glassfish/jaxb/jaxb-runtime/2.3.2/txw2-2.3.2.jar,file:/E:/maven_repository/org/glassfish/jaxb/jaxb-runtime/2.3.2/istack-commons-runtime-3.0.8.jar,file:/E:/maven_repository/org/glassfish/jaxb/jaxb-runtime/2.3.2/stax-ex-1.8.1.jar,file:/E:/maven_repository/org/glassfish/jaxb/jaxb-runtime/2.3.2/FastInfoset-1.2.16.jar,file:/E:/maven_repository/org/glassfish/jaxb/jaxb-runtime/2.3.2/jakarta.activation-api-1.2.1.jar
2020-03-10 01:53:14 INFO  restartedMain org.springframework.boot.devtools.env.DevToolsPropertyDefaultsPostProcessor Devtools property defaults active! Set 'spring.devtools.add-properties' to 'false' to disable
2020-03-10 01:53:14 INFO  restartedMain org.springframework.boot.devtools.env.DevToolsPropertyDefaultsPostProcessor For additional web related logging consider setting the 'logging.level.web' property to 'DEBUG'
2020-03-10 01:53:15 INFO  restartedMain org.springframework.data.repository.config.RepositoryConfigurationDelegate Multiple Spring Data modules found, entering strict repository configuration mode!
2020-03-10 01:53:15 INFO  restartedMain org.springframework.data.repository.config.RepositoryConfigurationDelegate Bootstrapping Spring Data JPA repositories in DEFAULT mode.
2020-03-10 01:53:15 INFO  restartedMain org.springframework.data.repository.config.RepositoryConfigurationDelegate Finished Spring Data repository scanning in 20ms. Found 0 JPA repository interfaces.
2020-03-10 01:53:15 INFO  restartedMain org.springframework.data.repository.config.RepositoryConfigurationDelegate Multiple Spring Data modules found, entering strict repository configuration mode!
2020-03-10 01:53:15 INFO  restartedMain org.springframework.data.repository.config.RepositoryConfigurationDelegate Bootstrapping Spring Data Redis repositories in DEFAULT mode.
2020-03-10 01:53:15 INFO  restartedMain org.springframework.data.repository.config.RepositoryConfigurationDelegate Finished Spring Data repository scanning in 4ms. Found 0 Redis repository interfaces.
2020-03-10 01:53:16 INFO  restartedMain org.springframework.boot.web.embedded.tomcat.TomcatWebServer Tomcat initialized with port(s): 8081 (http)
2020-03-10 01:53:16 INFO  restartedMain org.apache.coyote.http11.Http11NioProtocol Initializing ProtocolHandler ["http-nio-8081"]
2020-03-10 01:53:16 INFO  restartedMain org.apache.catalina.core.StandardService Starting service [Tomcat]
2020-03-10 01:53:16 INFO  restartedMain org.apache.catalina.core.StandardEngine Starting Servlet engine: [Apache Tomcat/9.0.31]
2020-03-10 01:53:16 INFO  restartedMain org.apache.catalina.core.ContainerBase.[Tomcat].[localhost].[/] Initializing Spring embedded WebApplicationContext
2020-03-10 01:53:16 INFO  restartedMain org.springframework.web.context.ContextLoader Root WebApplicationContext: initialization completed in 2431 ms
2020-03-10 01:53:17 INFO  restartedMain com.alibaba.druid.spring.boot.autoconfigure.DruidDataSourceAutoConfigure Init DruidDataSource
2020-03-10 01:53:17 INFO  restartedMain com.alibaba.druid.pool.DruidDataSource {dataSource-1} inited
2020-03-10 01:53:17 INFO  restartedMain org.hibernate.jpa.internal.util.LogHelper HHH000204: Processing PersistenceUnitInfo [name: default]
2020-03-10 01:53:18 INFO  restartedMain org.hibernate.Version HHH000412: Hibernate ORM core version 5.4.12.Final
2020-03-10 01:53:18 INFO  restartedMain org.hibernate.annotations.common.Version HCANN000001: Hibernate Commons Annotations {5.1.0.Final}
2020-03-10 01:53:18 INFO  restartedMain org.hibernate.dialect.Dialect HHH000400: Using dialect: org.hibernate.dialect.MySQL8Dialect
2020-03-10 01:53:18 INFO  restartedMain org.hibernate.engine.transaction.jta.platform.internal.JtaPlatformInitiator HHH000490: Using JtaPlatform implementation: [org.hibernate.engine.transaction.jta.platform.internal.NoJtaPlatform]
2020-03-10 01:53:18 INFO  restartedMain org.springframework.orm.jpa.LocalContainerEntityManagerFactoryBean Initialized JPA EntityManagerFactory for persistence unit 'default'
2020-03-10 01:53:18 INFO  restartedMain org.springframework.scheduling.concurrent.ThreadPoolTaskExecutor Initializing ExecutorService 'applicationTaskExecutor'
2020-03-10 01:53:19 INFO  restartedMain org.springframework.boot.devtools.autoconfigure.OptionalLiveReloadServer LiveReload server is running on port 35729
2020-03-10 01:53:19 INFO  restartedMain org.apache.coyote.http11.Http11NioProtocol Starting ProtocolHandler ["http-nio-8081"]
2020-03-10 01:53:19 INFO  restartedMain org.springframework.boot.web.embedded.tomcat.TomcatWebServer Tomcat started on port(s): 8081 (http) with context path ''
2020-03-10 01:53:19 INFO  restartedMain cn.edu.ahtcm.codegenerator.CodeGeneratorApplication Started CodeGeneratorApplication in 6.106 seconds (JVM running for 7.99)
2020-03-10 01:53:32 INFO  SpringContextShutdownHook org.springframework.scheduling.concurrent.ThreadPoolTaskExecutor Shutting down ExecutorService 'applicationTaskExecutor'
2020-03-10 01:53:32 INFO  SpringContextShutdownHook org.springframework.orm.jpa.LocalContainerEntityManagerFactoryBean Closing JPA EntityManagerFactory for persistence unit 'default'
2020-03-10 01:53:32 INFO  SpringContextShutdownHook com.alibaba.druid.pool.DruidDataSource {dataSource-1} closed
2020-03-10 01:53:45 INFO  restartedMain cn.edu.ahtcm.codegenerator.CodeGeneratorApplication Starting CodeGeneratorApplication on PC-201912311223 with PID 1708 (H:\study\web-base\code-generator\target\classes started by Administrator in H:\study\web-base)
2020-03-10 01:53:45 INFO  restartedMain cn.edu.ahtcm.codegenerator.CodeGeneratorApplication No active profile set, falling back to default profiles: default
2020-03-10 01:53:45 INFO  restartedMain org.springframework.boot.devtools.restart.ChangeableUrls The Class-Path manifest attribute in E:\maven_repository\org\glassfish\jaxb\jaxb-runtime\2.3.2\jaxb-runtime-2.3.2.jar referenced one or more files that do not exist: file:/E:/maven_repository/org/glassfish/jaxb/jaxb-runtime/2.3.2/jakarta.xml.bind-api-2.3.2.jar,file:/E:/maven_repository/org/glassfish/jaxb/jaxb-runtime/2.3.2/txw2-2.3.2.jar,file:/E:/maven_repository/org/glassfish/jaxb/jaxb-runtime/2.3.2/istack-commons-runtime-3.0.8.jar,file:/E:/maven_repository/org/glassfish/jaxb/jaxb-runtime/2.3.2/stax-ex-1.8.1.jar,file:/E:/maven_repository/org/glassfish/jaxb/jaxb-runtime/2.3.2/FastInfoset-1.2.16.jar,file:/E:/maven_repository/org/glassfish/jaxb/jaxb-runtime/2.3.2/jakarta.activation-api-1.2.1.jar
2020-03-10 01:53:45 INFO  restartedMain org.springframework.boot.devtools.env.DevToolsPropertyDefaultsPostProcessor Devtools property defaults active! Set 'spring.devtools.add-properties' to 'false' to disable
2020-03-10 01:53:45 INFO  restartedMain org.springframework.boot.devtools.env.DevToolsPropertyDefaultsPostProcessor For additional web related logging consider setting the 'logging.level.web' property to 'DEBUG'
2020-03-10 01:53:46 INFO  restartedMain org.springframework.data.repository.config.RepositoryConfigurationDelegate Multiple Spring Data modules found, entering strict repository configuration mode!
2020-03-10 01:53:46 INFO  restartedMain org.springframework.data.repository.config.RepositoryConfigurationDelegate Bootstrapping Spring Data JPA repositories in DEFAULT mode.
2020-03-10 01:53:46 INFO  restartedMain org.springframework.data.repository.config.RepositoryConfigurationDelegate Finished Spring Data repository scanning in 20ms. Found 0 JPA repository interfaces.
2020-03-10 01:53:46 INFO  restartedMain org.springframework.data.repository.config.RepositoryConfigurationDelegate Multiple Spring Data modules found, entering strict repository configuration mode!
2020-03-10 01:53:46 INFO  restartedMain org.springframework.data.repository.config.RepositoryConfigurationDelegate Bootstrapping Spring Data Redis repositories in DEFAULT mode.
2020-03-10 01:53:46 INFO  restartedMain org.springframework.data.repository.config.RepositoryConfigurationDelegate Finished Spring Data repository scanning in 4ms. Found 0 Redis repository interfaces.
2020-03-10 01:53:47 INFO  restartedMain org.springframework.boot.web.embedded.tomcat.TomcatWebServer Tomcat initialized with port(s): 8081 (http)
2020-03-10 01:53:47 INFO  restartedMain org.apache.coyote.http11.Http11NioProtocol Initializing ProtocolHandler ["http-nio-8081"]
2020-03-10 01:53:47 INFO  restartedMain org.apache.catalina.core.StandardService Starting service [Tomcat]
2020-03-10 01:53:47 INFO  restartedMain org.apache.catalina.core.StandardEngine Starting Servlet engine: [Apache Tomcat/9.0.31]
2020-03-10 01:53:47 INFO  restartedMain org.apache.catalina.core.ContainerBase.[Tomcat].[localhost].[/] Initializing Spring embedded WebApplicationContext
2020-03-10 01:53:47 INFO  restartedMain org.springframework.web.context.ContextLoader Root WebApplicationContext: initialization completed in 2016 ms
2020-03-10 01:53:47 INFO  restartedMain com.alibaba.druid.spring.boot.autoconfigure.DruidDataSourceAutoConfigure Init DruidDataSource
2020-03-10 01:53:48 INFO  restartedMain com.alibaba.druid.pool.DruidDataSource {dataSource-1} inited
2020-03-10 01:53:48 INFO  restartedMain org.hibernate.jpa.internal.util.LogHelper HHH000204: Processing PersistenceUnitInfo [name: default]
2020-03-10 01:53:49 INFO  restartedMain org.hibernate.Version HHH000412: Hibernate ORM core version 5.4.12.Final
2020-03-10 01:53:49 INFO  restartedMain com.alibaba.druid.pool.DruidDataSource {dataSource-1} closed
2020-03-10 01:53:49 INFO  restartedMain org.apache.catalina.core.StandardService Stopping service [Tomcat]
2020-03-10 01:53:49 INFO  restartedMain org.springframework.boot.autoconfigure.logging.ConditionEvaluationReportLoggingListener 

Error starting ApplicationContext. To display the conditions report re-run your application with 'debug' enabled.
2020-03-10 01:55:47 INFO  restartedMain cn.edu.ahtcm.codegenerator.CodeGeneratorApplication Starting CodeGeneratorApplication on PC-201912311223 with PID 19816 (H:\study\web-base\code-generator\target\classes started by Administrator in H:\study\web-base)
2020-03-10 01:55:47 INFO  restartedMain cn.edu.ahtcm.codegenerator.CodeGeneratorApplication No active profile set, falling back to default profiles: default
2020-03-10 01:55:47 INFO  restartedMain org.springframework.boot.devtools.restart.ChangeableUrls The Class-Path manifest attribute in E:\maven_repository\org\glassfish\jaxb\jaxb-runtime\2.3.2\jaxb-runtime-2.3.2.jar referenced one or more files that do not exist: file:/E:/maven_repository/org/glassfish/jaxb/jaxb-runtime/2.3.2/jakarta.xml.bind-api-2.3.2.jar,file:/E:/maven_repository/org/glassfish/jaxb/jaxb-runtime/2.3.2/txw2-2.3.2.jar,file:/E:/maven_repository/org/glassfish/jaxb/jaxb-runtime/2.3.2/istack-commons-runtime-3.0.8.jar,file:/E:/maven_repository/org/glassfish/jaxb/jaxb-runtime/2.3.2/stax-ex-1.8.1.jar,file:/E:/maven_repository/org/glassfish/jaxb/jaxb-runtime/2.3.2/FastInfoset-1.2.16.jar,file:/E:/maven_repository/org/glassfish/jaxb/jaxb-runtime/2.3.2/jakarta.activation-api-1.2.1.jar
2020-03-10 01:55:47 INFO  restartedMain org.springframework.boot.devtools.env.DevToolsPropertyDefaultsPostProcessor Devtools property defaults active! Set 'spring.devtools.add-properties' to 'false' to disable
2020-03-10 01:55:47 INFO  restartedMain org.springframework.boot.devtools.env.DevToolsPropertyDefaultsPostProcessor For additional web related logging consider setting the 'logging.level.web' property to 'DEBUG'
2020-03-10 01:55:48 INFO  restartedMain org.springframework.data.repository.config.RepositoryConfigurationDelegate Multiple Spring Data modules found, entering strict repository configuration mode!
2020-03-10 01:55:48 INFO  restartedMain org.springframework.data.repository.config.RepositoryConfigurationDelegate Bootstrapping Spring Data JPA repositories in DEFAULT mode.
2020-03-10 01:55:48 INFO  restartedMain org.springframework.data.repository.config.RepositoryConfigurationDelegate Finished Spring Data repository scanning in 19ms. Found 0 JPA repository interfaces.
2020-03-10 01:55:48 INFO  restartedMain org.springframework.data.repository.config.RepositoryConfigurationDelegate Multiple Spring Data modules found, entering strict repository configuration mode!
2020-03-10 01:55:48 INFO  restartedMain org.springframework.data.repository.config.RepositoryConfigurationDelegate Bootstrapping Spring Data Redis repositories in DEFAULT mode.
2020-03-10 01:55:48 INFO  restartedMain org.springframework.data.repository.config.RepositoryConfigurationDelegate Finished Spring Data repository scanning in 5ms. Found 0 Redis repository interfaces.
2020-03-10 01:55:49 INFO  restartedMain org.springframework.boot.web.embedded.tomcat.TomcatWebServer Tomcat initialized with port(s): 8081 (http)
2020-03-10 01:55:49 INFO  restartedMain org.apache.coyote.http11.Http11NioProtocol Initializing ProtocolHandler ["http-nio-8081"]
2020-03-10 01:55:49 INFO  restartedMain org.apache.catalina.core.StandardService Starting service [Tomcat]
2020-03-10 01:55:49 INFO  restartedMain org.apache.catalina.core.StandardEngine Starting Servlet engine: [Apache Tomcat/9.0.31]
2020-03-10 01:55:49 INFO  restartedMain org.apache.catalina.core.ContainerBase.[Tomcat].[localhost].[/] Initializing Spring embedded WebApplicationContext
2020-03-10 01:55:49 INFO  restartedMain org.springframework.web.context.ContextLoader Root WebApplicationContext: initialization completed in 1963 ms
2020-03-10 01:55:49 INFO  restartedMain com.alibaba.druid.spring.boot.autoconfigure.DruidDataSourceAutoConfigure Init DruidDataSource
2020-03-10 01:55:50 INFO  restartedMain com.alibaba.druid.pool.DruidDataSource {dataSource-1} inited
2020-03-10 01:55:50 INFO  restartedMain org.hibernate.jpa.internal.util.LogHelper HHH000204: Processing PersistenceUnitInfo [name: default]
2020-03-10 01:55:50 INFO  restartedMain org.hibernate.Version HHH000412: Hibernate ORM core version 5.4.12.Final
2020-03-10 01:55:50 INFO  restartedMain com.alibaba.druid.pool.DruidDataSource {dataSource-1} closed
2020-03-10 01:55:50 INFO  restartedMain org.apache.catalina.core.StandardService Stopping service [Tomcat]
2020-03-10 01:55:50 INFO  restartedMain org.springframework.boot.autoconfigure.logging.ConditionEvaluationReportLoggingListener 

Error starting ApplicationContext. To display the conditions report re-run your application with 'debug' enabled.
2020-03-10 01:59:02 INFO  restartedMain cn.edu.ahtcm.codegenerator.CodeGeneratorApplication Starting CodeGeneratorApplication on PC-201912311223 with PID 7592 (H:\study\web-base\code-generator\target\classes started by Administrator in H:\study\web-base)
2020-03-10 01:59:02 INFO  restartedMain cn.edu.ahtcm.codegenerator.CodeGeneratorApplication No active profile set, falling back to default profiles: default
2020-03-10 01:59:02 INFO  restartedMain org.springframework.boot.devtools.restart.ChangeableUrls The Class-Path manifest attribute in E:\maven_repository\org\glassfish\jaxb\jaxb-runtime\2.3.2\jaxb-runtime-2.3.2.jar referenced one or more files that do not exist: file:/E:/maven_repository/org/glassfish/jaxb/jaxb-runtime/2.3.2/jakarta.xml.bind-api-2.3.2.jar,file:/E:/maven_repository/org/glassfish/jaxb/jaxb-runtime/2.3.2/txw2-2.3.2.jar,file:/E:/maven_repository/org/glassfish/jaxb/jaxb-runtime/2.3.2/istack-commons-runtime-3.0.8.jar,file:/E:/maven_repository/org/glassfish/jaxb/jaxb-runtime/2.3.2/stax-ex-1.8.1.jar,file:/E:/maven_repository/org/glassfish/jaxb/jaxb-runtime/2.3.2/FastInfoset-1.2.16.jar,file:/E:/maven_repository/org/glassfish/jaxb/jaxb-runtime/2.3.2/jakarta.activation-api-1.2.1.jar
2020-03-10 01:59:02 INFO  restartedMain org.springframework.boot.devtools.env.DevToolsPropertyDefaultsPostProcessor Devtools property defaults active! Set 'spring.devtools.add-properties' to 'false' to disable
2020-03-10 01:59:02 INFO  restartedMain org.springframework.boot.devtools.env.DevToolsPropertyDefaultsPostProcessor For additional web related logging consider setting the 'logging.level.web' property to 'DEBUG'
2020-03-10 01:59:03 INFO  restartedMain org.springframework.data.repository.config.RepositoryConfigurationDelegate Bootstrapping Spring Data JPA repositories in DEFAULT mode.
2020-03-10 01:59:03 INFO  restartedMain org.springframework.data.repository.config.RepositoryConfigurationDelegate Finished Spring Data repository scanning in 22ms. Found 0 JPA repository interfaces.
2020-03-10 01:59:04 INFO  restartedMain org.springframework.boot.web.embedded.tomcat.TomcatWebServer Tomcat initialized with port(s): 8081 (http)
2020-03-10 01:59:04 INFO  restartedMain org.apache.coyote.http11.Http11NioProtocol Initializing ProtocolHandler ["http-nio-8081"]
2020-03-10 01:59:04 INFO  restartedMain org.apache.catalina.core.StandardService Starting service [Tomcat]
2020-03-10 01:59:04 INFO  restartedMain org.apache.catalina.core.StandardEngine Starting Servlet engine: [Apache Tomcat/9.0.31]
2020-03-10 01:59:04 INFO  restartedMain org.apache.catalina.core.ContainerBase.[Tomcat].[localhost].[/] Initializing Spring embedded WebApplicationContext
2020-03-10 01:59:04 INFO  restartedMain org.springframework.web.context.ContextLoader Root WebApplicationContext: initialization completed in 1588 ms
2020-03-10 01:59:04 INFO  restartedMain com.alibaba.druid.spring.boot.autoconfigure.DruidDataSourceAutoConfigure Init DruidDataSource
2020-03-10 01:59:04 INFO  restartedMain com.alibaba.druid.pool.DruidDataSource {dataSource-1} inited
2020-03-10 01:59:05 INFO  restartedMain org.hibernate.jpa.internal.util.LogHelper HHH000204: Processing PersistenceUnitInfo [name: default]
2020-03-10 01:59:05 INFO  restartedMain org.hibernate.Version HHH000412: Hibernate ORM core version 5.4.12.Final
2020-03-10 01:59:05 INFO  restartedMain com.alibaba.druid.pool.DruidDataSource {dataSource-1} closed
2020-03-10 01:59:05 INFO  restartedMain org.apache.catalina.core.StandardService Stopping service [Tomcat]
2020-03-10 01:59:05 INFO  restartedMain org.springframework.boot.autoconfigure.logging.ConditionEvaluationReportLoggingListener 

Error starting ApplicationContext. To display the conditions report re-run your application with 'debug' enabled.
2020-03-10 01:59:19 INFO  restartedMain cn.edu.ahtcm.codegenerator.CodeGeneratorApplication Starting CodeGeneratorApplication on PC-201912311223 with PID 10076 (H:\study\web-base\code-generator\target\classes started by Administrator in H:\study\web-base)
2020-03-10 01:59:19 INFO  restartedMain cn.edu.ahtcm.codegenerator.CodeGeneratorApplication No active profile set, falling back to default profiles: default
2020-03-10 01:59:20 INFO  restartedMain org.springframework.boot.devtools.restart.ChangeableUrls The Class-Path manifest attribute in E:\maven_repository\org\glassfish\jaxb\jaxb-runtime\2.3.2\jaxb-runtime-2.3.2.jar referenced one or more files that do not exist: file:/E:/maven_repository/org/glassfish/jaxb/jaxb-runtime/2.3.2/jakarta.xml.bind-api-2.3.2.jar,file:/E:/maven_repository/org/glassfish/jaxb/jaxb-runtime/2.3.2/txw2-2.3.2.jar,file:/E:/maven_repository/org/glassfish/jaxb/jaxb-runtime/2.3.2/istack-commons-runtime-3.0.8.jar,file:/E:/maven_repository/org/glassfish/jaxb/jaxb-runtime/2.3.2/stax-ex-1.8.1.jar,file:/E:/maven_repository/org/glassfish/jaxb/jaxb-runtime/2.3.2/FastInfoset-1.2.16.jar,file:/E:/maven_repository/org/glassfish/jaxb/jaxb-runtime/2.3.2/jakarta.activation-api-1.2.1.jar
2020-03-10 01:59:20 INFO  restartedMain org.springframework.boot.devtools.env.DevToolsPropertyDefaultsPostProcessor Devtools property defaults active! Set 'spring.devtools.add-properties' to 'false' to disable
2020-03-10 01:59:20 INFO  restartedMain org.springframework.boot.devtools.env.DevToolsPropertyDefaultsPostProcessor For additional web related logging consider setting the 'logging.level.web' property to 'DEBUG'
2020-03-10 01:59:20 INFO  restartedMain org.springframework.data.repository.config.RepositoryConfigurationDelegate Bootstrapping Spring Data JPA repositories in DEFAULT mode.
2020-03-10 01:59:20 INFO  restartedMain org.springframework.data.repository.config.RepositoryConfigurationDelegate Finished Spring Data repository scanning in 23ms. Found 0 JPA repository interfaces.
2020-03-10 01:59:21 INFO  restartedMain org.springframework.boot.web.embedded.tomcat.TomcatWebServer Tomcat initialized with port(s): 8081 (http)
2020-03-10 01:59:21 INFO  restartedMain org.apache.coyote.http11.Http11NioProtocol Initializing ProtocolHandler ["http-nio-8081"]
2020-03-10 01:59:21 INFO  restartedMain org.apache.catalina.core.StandardService Starting service [Tomcat]
2020-03-10 01:59:21 INFO  restartedMain org.apache.catalina.core.StandardEngine Starting Servlet engine: [Apache Tomcat/9.0.31]
2020-03-10 01:59:21 INFO  restartedMain org.apache.catalina.core.ContainerBase.[Tomcat].[localhost].[/] Initializing Spring embedded WebApplicationContext
2020-03-10 01:59:21 INFO  restartedMain org.springframework.web.context.ContextLoader Root WebApplicationContext: initialization completed in 1751 ms
2020-03-10 01:59:21 INFO  restartedMain com.alibaba.druid.spring.boot.autoconfigure.DruidDataSourceAutoConfigure Init DruidDataSource
2020-03-10 01:59:22 INFO  restartedMain com.alibaba.druid.pool.DruidDataSource {dataSource-1} inited
2020-03-10 01:59:22 INFO  restartedMain org.hibernate.jpa.internal.util.LogHelper HHH000204: Processing PersistenceUnitInfo [name: default]
2020-03-10 01:59:22 INFO  restartedMain org.hibernate.Version HHH000412: Hibernate ORM core version 5.4.12.Final
2020-03-10 01:59:23 INFO  restartedMain com.alibaba.druid.pool.DruidDataSource {dataSource-1} closed
2020-03-10 01:59:23 INFO  restartedMain org.apache.catalina.core.StandardService Stopping service [Tomcat]
2020-03-10 01:59:23 INFO  restartedMain org.springframework.boot.autoconfigure.logging.ConditionEvaluationReportLoggingListener 

Error starting ApplicationContext. To display the conditions report re-run your application with 'debug' enabled.
2020-03-10 02:00:03 INFO  restartedMain cn.edu.ahtcm.codegenerator.CodeGeneratorApplication Starting CodeGeneratorApplication on PC-201912311223 with PID 12348 (H:\study\web-base\code-generator\target\classes started by Administrator in H:\study\web-base)
2020-03-10 02:00:03 INFO  restartedMain cn.edu.ahtcm.codegenerator.CodeGeneratorApplication No active profile set, falling back to default profiles: default
2020-03-10 02:00:03 INFO  restartedMain org.springframework.boot.devtools.restart.ChangeableUrls The Class-Path manifest attribute in E:\maven_repository\org\glassfish\jaxb\jaxb-runtime\2.3.2\jaxb-runtime-2.3.2.jar referenced one or more files that do not exist: file:/E:/maven_repository/org/glassfish/jaxb/jaxb-runtime/2.3.2/jakarta.xml.bind-api-2.3.2.jar,file:/E:/maven_repository/org/glassfish/jaxb/jaxb-runtime/2.3.2/txw2-2.3.2.jar,file:/E:/maven_repository/org/glassfish/jaxb/jaxb-runtime/2.3.2/istack-commons-runtime-3.0.8.jar,file:/E:/maven_repository/org/glassfish/jaxb/jaxb-runtime/2.3.2/stax-ex-1.8.1.jar,file:/E:/maven_repository/org/glassfish/jaxb/jaxb-runtime/2.3.2/FastInfoset-1.2.16.jar,file:/E:/maven_repository/org/glassfish/jaxb/jaxb-runtime/2.3.2/jakarta.activation-api-1.2.1.jar
2020-03-10 02:00:03 INFO  restartedMain org.springframework.boot.devtools.env.DevToolsPropertyDefaultsPostProcessor Devtools property defaults active! Set 'spring.devtools.add-properties' to 'false' to disable
2020-03-10 02:00:03 INFO  restartedMain org.springframework.boot.devtools.env.DevToolsPropertyDefaultsPostProcessor For additional web related logging consider setting the 'logging.level.web' property to 'DEBUG'
2020-03-10 02:00:04 INFO  restartedMain org.springframework.data.repository.config.RepositoryConfigurationDelegate Multiple Spring Data modules found, entering strict repository configuration mode!
2020-03-10 02:00:04 INFO  restartedMain org.springframework.data.repository.config.RepositoryConfigurationDelegate Bootstrapping Spring Data JPA repositories in DEFAULT mode.
2020-03-10 02:00:04 INFO  restartedMain org.springframework.data.repository.config.RepositoryConfigurationDelegate Finished Spring Data repository scanning in 20ms. Found 0 JPA repository interfaces.
2020-03-10 02:00:04 INFO  restartedMain org.springframework.data.repository.config.RepositoryConfigurationDelegate Multiple Spring Data modules found, entering strict repository configuration mode!
2020-03-10 02:00:04 INFO  restartedMain org.springframework.data.repository.config.RepositoryConfigurationDelegate Bootstrapping Spring Data Redis repositories in DEFAULT mode.
2020-03-10 02:00:04 INFO  restartedMain org.springframework.data.repository.config.RepositoryConfigurationDelegate Finished Spring Data repository scanning in 5ms. Found 0 Redis repository interfaces.
2020-03-10 02:00:05 INFO  restartedMain org.springframework.boot.web.embedded.tomcat.TomcatWebServer Tomcat initialized with port(s): 8081 (http)
2020-03-10 02:00:05 INFO  restartedMain org.apache.coyote.http11.Http11NioProtocol Initializing ProtocolHandler ["http-nio-8081"]
2020-03-10 02:00:05 INFO  restartedMain org.apache.catalina.core.StandardService Starting service [Tomcat]
2020-03-10 02:00:05 INFO  restartedMain org.apache.catalina.core.StandardEngine Starting Servlet engine: [Apache Tomcat/9.0.31]
2020-03-10 02:00:05 INFO  restartedMain org.apache.catalina.core.ContainerBase.[Tomcat].[localhost].[/] Initializing Spring embedded WebApplicationContext
2020-03-10 02:00:05 INFO  restartedMain org.springframework.web.context.ContextLoader Root WebApplicationContext: initialization completed in 1829 ms
2020-03-10 02:00:05 INFO  restartedMain com.alibaba.druid.spring.boot.autoconfigure.DruidDataSourceAutoConfigure Init DruidDataSource
2020-03-10 02:00:06 INFO  restartedMain com.alibaba.druid.pool.DruidDataSource {dataSource-1} inited
2020-03-10 02:00:06 INFO  restartedMain org.hibernate.jpa.internal.util.LogHelper HHH000204: Processing PersistenceUnitInfo [name: default]
2020-03-10 02:00:06 INFO  restartedMain org.hibernate.Version HHH000412: Hibernate ORM core version 5.4.12.Final
2020-03-10 02:00:06 INFO  restartedMain org.hibernate.annotations.common.Version HCANN000001: Hibernate Commons Annotations {5.1.0.Final}
2020-03-10 02:00:07 INFO  restartedMain org.hibernate.dialect.Dialect HHH000400: Using dialect: org.hibernate.dialect.MySQL8Dialect
2020-03-10 02:00:07 INFO  restartedMain org.hibernate.engine.transaction.jta.platform.internal.JtaPlatformInitiator HHH000490: Using JtaPlatform implementation: [org.hibernate.engine.transaction.jta.platform.internal.NoJtaPlatform]
2020-03-10 02:00:07 INFO  restartedMain org.springframework.orm.jpa.LocalContainerEntityManagerFactoryBean Initialized JPA EntityManagerFactory for persistence unit 'default'
2020-03-10 02:00:07 INFO  restartedMain org.springframework.scheduling.concurrent.ThreadPoolTaskExecutor Initializing ExecutorService 'applicationTaskExecutor'
2020-03-10 02:00:08 INFO  restartedMain org.springframework.boot.devtools.autoconfigure.OptionalLiveReloadServer LiveReload server is running on port 35729
2020-03-10 02:00:08 INFO  restartedMain org.apache.coyote.http11.Http11NioProtocol Starting ProtocolHandler ["http-nio-8081"]
2020-03-10 02:00:08 INFO  restartedMain org.springframework.boot.web.embedded.tomcat.TomcatWebServer Tomcat started on port(s): 8081 (http) with context path ''
2020-03-10 02:00:08 INFO  restartedMain cn.edu.ahtcm.codegenerator.CodeGeneratorApplication Started CodeGeneratorApplication in 5.223 seconds (JVM running for 7.111)
2020-03-10 02:00:10 INFO  SpringContextShutdownHook org.springframework.scheduling.concurrent.ThreadPoolTaskExecutor Shutting down ExecutorService 'applicationTaskExecutor'
2020-03-10 02:00:10 INFO  SpringContextShutdownHook org.springframework.orm.jpa.LocalContainerEntityManagerFactoryBean Closing JPA EntityManagerFactory for persistence unit 'default'
2020-03-10 02:00:10 INFO  SpringContextShutdownHook com.alibaba.druid.pool.DruidDataSource {dataSource-1} closed
2020-03-10 12:05:27 INFO  main cn.edu.ahtcm.codegenerator.service.impl.GenerateServiceImpl user
2020-03-10 12:06:17 INFO  main cn.edu.ahtcm.codegenerator.service.impl.GenerateServiceImpl user
2020-03-10 12:08:36 INFO  main cn.edu.ahtcm.codegenerator.service.impl.GenerateServiceImpl user
2020-03-10 13:05:30 INFO  main cn.edu.ahtcm.codegenerator.service.impl.GenerateServiceImpl user
2020-03-10 13:05:56 INFO  main cn.edu.ahtcm.codegenerator.service.impl.GenerateServiceImpl user
2020-03-10 13:06:11 INFO  main cn.edu.ahtcm.codegenerator.service.impl.GenerateServiceImpl user
2020-03-10 13:06:50 INFO  main cn.edu.ahtcm.codegenerator.service.impl.GenerateServiceImpl user
2020-03-10 13:08:05 INFO  main cn.edu.ahtcm.codegenerator.service.impl.GenerateServiceImpl user
2020-03-10 13:09:27 INFO  main cn.edu.ahtcm.codegenerator.service.impl.GenerateServiceImpl user
2020-03-10 13:09:58 INFO  main cn.edu.ahtcm.codegenerator.service.impl.GenerateServiceImpl user
2020-03-10 13:11:55 INFO  main cn.edu.ahtcm.codegenerator.service.impl.GenerateServiceImpl user
2020-03-10 13:12:11 INFO  main cn.edu.ahtcm.codegenerator.service.impl.GenerateServiceImpl user
2020-03-10 13:16:25 INFO  main cn.edu.ahtcm.codegenerator.service.impl.GenerateServiceImpl user
2020-03-10 13:16:37 INFO  main cn.edu.ahtcm.codegenerator.service.impl.GenerateServiceImpl user
2020-03-10 13:17:15 INFO  main cn.edu.ahtcm.codegenerator.service.impl.GenerateServiceImpl user
2020-03-10 13:19:17 INFO  main cn.edu.ahtcm.codegenerator.service.impl.GenerateServiceImpl user
2020-03-10 13:19:45 INFO  main cn.edu.ahtcm.codegenerator.service.impl.GenerateServiceImpl user
2020-03-10 13:21:00 INFO  main cn.edu.ahtcm.codegenerator.service.impl.GenerateServiceImpl user
2020-03-10 13:23:18 INFO  main cn.edu.ahtcm.codegenerator.service.impl.GenerateServiceImpl user
2020-03-10 13:33:08 INFO  main cn.edu.ahtcm.codegenerator.service.impl.GenerateServiceImpl user
2020-03-10 13:34:33 INFO  main cn.edu.ahtcm.codegenerator.service.impl.GenerateServiceImpl user
2020-03-10 13:45:32 INFO  main cn.edu.ahtcm.codegenerator.service.impl.GenerateServiceImpl user
2020-03-10 13:50:48 INFO  main cn.edu.ahtcm.codegenerator.service.impl.GenerateServiceImpl user
2020-03-10 13:51:08 INFO  main cn.edu.ahtcm.codegenerator.service.impl.GenerateServiceImpl user
2020-03-10 13:51:57 INFO  main cn.edu.ahtcm.codegenerator.service.impl.GenerateServiceImpl user
2020-03-10 13:53:29 INFO  main cn.edu.ahtcm.codegenerator.service.impl.GenerateServiceImpl user
2020-03-10 13:54:13 INFO  main cn.edu.ahtcm.codegenerator.service.impl.GenerateServiceImpl user
2020-03-10 13:57:19 INFO  main cn.edu.ahtcm.codegenerator.service.impl.GenerateServiceImpl user
2020-03-10 14:00:21 INFO  main cn.edu.ahtcm.codegenerator.service.impl.GenerateServiceImpl user
2020-03-10 14:03:11 INFO  main cn.edu.ahtcm.codegenerator.service.impl.GenerateServiceImpl user
2020-03-10 14:03:37 INFO  main cn.edu.ahtcm.codegenerator.service.impl.GenerateServiceImpl user
2020-03-10 14:05:41 INFO  main cn.edu.ahtcm.codegenerator.service.impl.GenerateServiceImpl user
2020-03-10 14:06:25 INFO  main cn.edu.ahtcm.codegenerator.service.impl.GenerateServiceImpl user
2020-03-10 14:07:13 INFO  main cn.edu.ahtcm.codegenerator.service.impl.GenerateServiceImpl user
2020-03-10 14:08:55 INFO  main cn.edu.ahtcm.codegenerator.service.impl.GenerateServiceImpl user
2020-03-10 14:10:02 INFO  main cn.edu.ahtcm.codegenerator.service.impl.GenerateServiceImpl user
2020-03-10 14:10:42 INFO  main cn.edu.ahtcm.codegenerator.service.impl.GenerateServiceImpl user
2020-03-10 14:12:45 INFO  main cn.edu.ahtcm.codegenerator.service.impl.GenerateServiceImpl user
2020-03-10 14:15:49 INFO  main cn.edu.ahtcm.codegenerator.service.impl.GenerateServiceImpl user
2020-03-10 14:16:10 INFO  main cn.edu.ahtcm.codegenerator.service.impl.GenerateServiceImpl user
2020-03-10 14:17:13 INFO  main cn.edu.ahtcm.codegenerator.service.impl.GenerateServiceImpl user
2020-03-10 14:17:51 INFO  main cn.edu.ahtcm.codegenerator.service.impl.GenerateServiceImpl user
2020-03-10 14:22:19 INFO  main cn.edu.ahtcm.codegenerator.service.impl.GenerateServiceImpl user
2020-03-10 14:25:49 INFO  main cn.edu.ahtcm.codegenerator.service.impl.GenerateServiceImpl user
2020-03-10 15:34:34 INFO  main cn.edu.ahtcm.codegenerator.service.impl.GenerateServiceImpl UserUserMapper
2020-03-10 15:36:19 INFO  main cn.edu.ahtcm.codegenerator.service.impl.GenerateServiceImpl UserUserMapper
2020-03-10 15:37:52 INFO  main cn.edu.ahtcm.codegenerator.service.impl.GenerateServiceImpl UserUserMapper
